Extracting MNIST_data/train-images-idx3-ubyte.gz
Extracting MNIST_data/train-labels-idx1-ubyte.gz
Extracting MNIST_data/t10k-images-idx3-ubyte.gz
Extracting MNIST_data/t10k-labels-idx1-ubyte.gz
Step 0 - Train accuracy 0.080
Step 0 - Test accuracy 0.103
Step 10 - Train accuracy 0.220
Step 10 - Test accuracy 0.277
Step 20 - Train accuracy 0.560
Step 20 - Test accuracy 0.438
Step 30 - Train accuracy 0.600
Step 30 - Test accuracy 0.553
Step 40 - Train accuracy 0.720
Step 40 - Test accuracy 0.634
Step 50 - Train accuracy 0.800
Step 50 - Test accuracy 0.726
Step 60 - Train accuracy 0.800
Step 60 - Test accuracy 0.746
Step 70 - Train accuracy 0.700
Step 70 - Test accuracy 0.778
Step 80 - Train accuracy 0.840
Step 80 - Test accuracy 0.794
Step 90 - Train accuracy 0.740
Step 90 - Test accuracy 0.822
Step 100 - Train accuracy 0.900
Step 100 - Test accuracy 0.851
Step 110 - Train accuracy 0.840
Step 110 - Test accuracy 0.853
Step 120 - Train accuracy 0.780
Step 120 - Test accuracy 0.862
Step 130 - Train accuracy 0.860
Step 130 - Test accuracy 0.875
Step 140 - Train accuracy 0.860
Step 140 - Test accuracy 0.886
Step 150 - Train accuracy 0.920
Step 150 - Test accuracy 0.882
Step 160 - Train accuracy 0.900
Step 160 - Test accuracy 0.900
Step 170 - Train accuracy 0.840
Step 170 - Test accuracy 0.904
Step 180 - Train accuracy 0.880
Step 180 - Test accuracy 0.902
Step 190 - Train accuracy 0.880
Step 190 - Test accuracy 0.905
Step 200 - Train accuracy 0.840
Step 200 - Test accuracy 0.905
Step 210 - Train accuracy 0.840
Step 210 - Test accuracy 0.915
Step 220 - Train accuracy 0.980
Step 220 - Test accuracy 0.909
Step 230 - Train accuracy 0.940
Step 230 - Test accuracy 0.917
Step 240 - Train accuracy 0.940
Step 240 - Test accuracy 0.917
Step 250 - Train accuracy 0.920
Step 250 - Test accuracy 0.912
Step 260 - Train accuracy 0.940
Step 260 - Test accuracy 0.918
Step 270 - Train accuracy 0.940
Step 270 - Test accuracy 0.920
Step 280 - Train accuracy 0.940
Step 280 - Test accuracy 0.922
Step 290 - Train accuracy 0.920
Step 290 - Test accuracy 0.921
Step 300 - Train accuracy 0.860
Step 300 - Test accuracy 0.924
Step 310 - Train accuracy 0.920
Step 310 - Test accuracy 0.929
Step 320 - Train accuracy 0.940
Step 320 - Test accuracy 0.932
Step 330 - Train accuracy 0.920
Step 330 - Test accuracy 0.928
Step 340 - Train accuracy 0.920
Step 340 - Test accuracy 0.930
Step 350 - Train accuracy 0.880
Step 350 - Test accuracy 0.930
Step 360 - Train accuracy 0.940
Step 360 - Test accuracy 0.932
Step 370 - Train accuracy 0.920
Step 370 - Test accuracy 0.930
Step 380 - Train accuracy 0.920
Step 380 - Test accuracy 0.940
Step 390 - Train accuracy 0.860
Step 390 - Test accuracy 0.938
Step 400 - Train accuracy 0.900
Step 400 - Test accuracy 0.936
Step 410 - Train accuracy 0.980
Step 410 - Test accuracy 0.939
Step 420 - Train accuracy 0.900
Step 420 - Test accuracy 0.941
Step 430 - Train accuracy 0.940
Step 430 - Test accuracy 0.946
Step 440 - Train accuracy 0.960
Step 440 - Test accuracy 0.948
Step 450 - Train accuracy 0.900
Step 450 - Test accuracy 0.946
Step 460 - Train accuracy 0.960
Step 460 - Test accuracy 0.948
Step 470 - Train accuracy 0.880
Step 470 - Test accuracy 0.946
Step 480 - Train accuracy 0.960
Step 480 - Test accuracy 0.948
Step 490 - Train accuracy 0.960
Step 490 - Test accuracy 0.951
Step 500 - Train accuracy 0.940
Step 500 - Test accuracy 0.949
Step 510 - Train accuracy 0.960
Step 510 - Test accuracy 0.947
Step 520 - Train accuracy 0.960
Step 520 - Test accuracy 0.949
Step 530 - Train accuracy 0.940
Step 530 - Test accuracy 0.947
Step 540 - Train accuracy 0.960
Step 540 - Test accuracy 0.950
Step 550 - Train accuracy 0.960
Step 550 - Test accuracy 0.951
Step 560 - Train accuracy 0.940
Step 560 - Test accuracy 0.948
Step 570 - Train accuracy 0.920
Step 570 - Test accuracy 0.950
Step 580 - Train accuracy 0.880
Step 580 - Test accuracy 0.949
Step 590 - Train accuracy 0.960
Step 590 - Test accuracy 0.951
Step 600 - Train accuracy 0.960
Step 600 - Test accuracy 0.953
Step 610 - Train accuracy 0.940
Step 610 - Test accuracy 0.954
Step 620 - Train accuracy 0.960
Step 620 - Test accuracy 0.952
Step 630 - Train accuracy 0.980
Step 630 - Test accuracy 0.951
Step 640 - Train accuracy 0.940
Step 640 - Test accuracy 0.956
Step 650 - Train accuracy 0.960
Step 650 - Test accuracy 0.956
Step 660 - Train accuracy 0.920
Step 660 - Test accuracy 0.955
Step 670 - Train accuracy 0.960
Step 670 - Test accuracy 0.958
Step 680 - Train accuracy 0.980
Step 680 - Test accuracy 0.958
Step 690 - Train accuracy 1.000
Step 690 - Test accuracy 0.956
Step 700 - Train accuracy 1.000
Step 700 - Test accuracy 0.951
Step 710 - Train accuracy 0.920
Step 710 - Test accuracy 0.955
Step 720 - Train accuracy 0.920
Step 720 - Test accuracy 0.956
Step 730 - Train accuracy 0.980
Step 730 - Test accuracy 0.957
Step 740 - Train accuracy 0.940
Step 740 - Test accuracy 0.956
Step 750 - Train accuracy 0.980
Step 750 - Test accuracy 0.956
Step 760 - Train accuracy 0.960
Step 760 - Test accuracy 0.958
Step 770 - Train accuracy 0.980
Step 770 - Test accuracy 0.959
Step 780 - Train accuracy 0.940
Step 780 - Test accuracy 0.960
Step 790 - Train accuracy 0.940
Step 790 - Test accuracy 0.961
Step 800 - Train accuracy 0.980
Step 800 - Test accuracy 0.961
Step 810 - Train accuracy 0.940
Step 810 - Test accuracy 0.959
Step 820 - Train accuracy 0.900
Step 820 - Test accuracy 0.961
Step 830 - Train accuracy 0.920
Step 830 - Test accuracy 0.960
Step 840 - Train accuracy 0.980
Step 840 - Test accuracy 0.959
Step 850 - Train accuracy 0.920
Step 850 - Test accuracy 0.961
Step 860 - Train accuracy 0.980
Step 860 - Test accuracy 0.959
Step 870 - Train accuracy 1.000
Step 870 - Test accuracy 0.964
Step 880 - Train accuracy 0.960
Step 880 - Test accuracy 0.959
Step 890 - Train accuracy 0.920
Step 890 - Test accuracy 0.962
Step 900 - Train accuracy 0.940
Step 900 - Test accuracy 0.962
Step 910 - Train accuracy 0.920
Step 910 - Test accuracy 0.963
Step 920 - Train accuracy 0.980
Step 920 - Test accuracy 0.963
Step 930 - Train accuracy 0.940
Step 930 - Test accuracy 0.958
Step 940 - Train accuracy 0.960
Step 940 - Test accuracy 0.962
Step 950 - Train accuracy 1.000
Step 950 - Test accuracy 0.962
Step 960 - Train accuracy 0.960
Step 960 - Test accuracy 0.964
Step 970 - Train accuracy 0.980
Step 970 - Test accuracy 0.965
Step 980 - Train accuracy 0.980
Step 980 - Test accuracy 0.965
Step 990 - Train accuracy 0.980
Step 990 - Test accuracy 0.963
