Extracting MNIST_data/train-images-idx3-ubyte.gz
Extracting MNIST_data/train-labels-idx1-ubyte.gz
Extracting MNIST_data/t10k-images-idx3-ubyte.gz
Extracting MNIST_data/t10k-labels-idx1-ubyte.gz
Step 0 - Train accuracy 0.100
Step 10 - Train accuracy 0.320
Step 20 - Train accuracy 0.420
Step 30 - Train accuracy 0.600
Step 40 - Train accuracy 0.580
Step 50 - Train accuracy 0.640
Step 60 - Train accuracy 0.760
Step 70 - Train accuracy 0.780
Step 80 - Train accuracy 0.900
Step 90 - Train accuracy 0.820
Step 100 - Train accuracy 0.840
Step 110 - Train accuracy 0.860
Step 120 - Train accuracy 0.860
Step 130 - Train accuracy 0.880
Step 140 - Train accuracy 0.880
Step 150 - Train accuracy 0.860
Step 160 - Train accuracy 0.900
Step 170 - Train accuracy 0.980
Step 180 - Train accuracy 0.920
Step 190 - Train accuracy 0.800
Step 200 - Train accuracy 0.940
Step 210 - Train accuracy 0.980
Step 220 - Train accuracy 0.820
Step 230 - Train accuracy 0.880
Step 240 - Train accuracy 0.940
Step 250 - Train accuracy 0.900
Step 260 - Train accuracy 0.860
Step 270 - Train accuracy 0.980
Step 280 - Train accuracy 0.940
Step 290 - Train accuracy 0.960
Step 300 - Train accuracy 0.980
Step 310 - Train accuracy 0.980
Step 320 - Train accuracy 1.000
Step 330 - Train accuracy 0.980
Step 340 - Train accuracy 0.940
Step 350 - Train accuracy 0.960
Step 360 - Train accuracy 0.940
Step 370 - Train accuracy 0.880
Step 380 - Train accuracy 0.920
Step 390 - Train accuracy 1.000
Step 400 - Train accuracy 0.860
Step 410 - Train accuracy 0.960
Step 420 - Train accuracy 0.880
Step 430 - Train accuracy 0.920
Step 440 - Train accuracy 0.920
Step 450 - Train accuracy 0.920
Step 460 - Train accuracy 0.920
Step 470 - Train accuracy 0.900
Step 480 - Train accuracy 0.920
Step 490 - Train accuracy 0.960
Step 500 - Train accuracy 0.980
Step 510 - Train accuracy 0.980
Step 520 - Train accuracy 0.980
Step 530 - Train accuracy 0.940
Step 540 - Train accuracy 0.920
Step 550 - Train accuracy 0.960
Step 560 - Train accuracy 0.940
Step 570 - Train accuracy 0.980
Step 580 - Train accuracy 0.960
Step 590 - Train accuracy 0.940
Step 600 - Train accuracy 0.980
Step 610 - Train accuracy 1.000
Step 620 - Train accuracy 0.940
Step 630 - Train accuracy 1.000
Step 640 - Train accuracy 0.960
Step 650 - Train accuracy 0.960
Step 660 - Train accuracy 0.960
Step 670 - Train accuracy 1.000
Step 680 - Train accuracy 1.000
Step 690 - Train accuracy 0.940
Step 700 - Train accuracy 0.940
Step 710 - Train accuracy 0.960
Step 720 - Train accuracy 0.940
Step 730 - Train accuracy 0.960
Step 740 - Train accuracy 1.000
Step 750 - Train accuracy 0.940
Step 760 - Train accuracy 0.980
Step 770 - Train accuracy 0.960
Step 780 - Train accuracy 0.960
Step 790 - Train accuracy 0.960
Step 800 - Train accuracy 0.960
Step 810 - Train accuracy 0.900
Step 820 - Train accuracy 0.940
Step 830 - Train accuracy 0.940
Step 840 - Train accuracy 1.000
Step 850 - Train accuracy 0.920
Step 860 - Train accuracy 0.980
Step 870 - Train accuracy 0.980
Step 880 - Train accuracy 0.980
Step 890 - Train accuracy 0.940
Step 900 - Train accuracy 0.920
Step 910 - Train accuracy 0.980
Step 920 - Train accuracy 0.940
Step 930 - Train accuracy 0.940
Step 940 - Train accuracy 0.960
Step 950 - Train accuracy 0.900
Step 960 - Train accuracy 0.980
Step 970 - Train accuracy 0.960
Step 980 - Train accuracy 0.980
Step 990 - Train accuracy 0.980
Test accuracy 0.967
